<?xml version="1.0" encoding="UTF-8"?>
<!-- Generated by org.testng.reporters.JUnitReportReporter -->
<testsuite hostname="ManasPC" failures="0" tests="3" name="CovidData.HospitalData" time="18.524" errors="0" timestamp="2023-02-19T23:59:13 CST" skipped="0">
  <testcase classname="CovidData.HospitalData" name="LoadPage" time="2.280"/>
  <system-out/>
  <testcase classname="CovidData.HospitalData" name="LoadAllData" time="15.155"/>
  <system-out/>
  <testcase classname="CovidData.HospitalData" name="DisplayData" time="1.089"/>
  <system-out/>
</testsuite> <!-- CovidData.HospitalData -->
