<?xml version="1.0" encoding="UTF-8"?>
<!-- Generated by org.testng.reporters.JUnitReportReporter -->
<testsuite hostname="ManasPC" failures="0" tests="3" name="Day8.Ninja_Shopping" time="9.674" errors="0" timestamp="2023-02-14T21:12:49 CST" skipped="0">
  <testcase classname="Day8.Ninja_Shopping" name="OpenApplication" time="6.301"/>
  <system-out/>
  <testcase classname="Day8.Ninja_Shopping" name="ChangeCurrencyToEuro" time="0.893"/>
  <system-out/>
  <testcase classname="Day8.Ninja_Shopping" name="OpenIphoneDetails" time="2.480"/>
  <system-out/>
</testsuite> <!-- Day8.Ninja_Shopping -->
