<?xml version="1.0" encoding="UTF-8"?>
<!-- Generated by org.testng.reporters.JUnitReportReporter -->
<testsuite hostname="ManasPC" failures="0" tests="5" name="Module1.Testcase1" time="0.016" errors="0" timestamp="2023-02-05T09:36:34 CST" skipped="0">
  <testcase classname="Module1.Testcase1" name="testcase001" time="0.001"/>
  <system-out/>
  <testcase classname="Module1.Testcase1" name="Login" time="0.012"/>
  <system-out/>
  <testcase classname="Module1.Testcase1" name="Login" time="0.001"/>
  <system-out/>
  <testcase classname="Module1.Testcase1" name="Login" time="0.001"/>
  <system-out/>
  <testcase classname="Module1.Testcase1" name="testcase003" time="0.001"/>
  <system-out/>
</testsuite> <!-- Module1.Testcase1 -->
