<?xml version="1.0" encoding="UTF-8"?>
<!-- Generated by org.testng.reporters.JUnitReportReporter -->
<testsuite hostname="ManasPC" failures="0" tests="2" name="Day8.TechlisticSeleniumPractice" time="75.422" errors="0" timestamp="2023-02-10T21:21:24 CST" skipped="0">
  <testcase classname="Day8.TechlisticSeleniumPractice" name="TestContact" time="73.281"/>
  <system-out/>
  <testcase classname="Day8.TechlisticSeleniumPractice" name="test001" time="2.141"/>
  <system-out/>
</testsuite> <!-- Day8.TechlisticSeleniumPractice -->
