<?xml version="1.0" encoding="UTF-8"?>
<!-- Generated by org.testng.reporters.JUnitReportReporter -->
<testsuite hostname="ManasPC" failures="0" tests="2" name="Module1.Testcase2" time="0.006" errors="0" timestamp="2023-02-04T15:02:42 CST" skipped="0">
  <testcase classname="Module1.Testcase2" name="testMethod1" time="0.003"/>
  <system-out/>
  <testcase classname="Module1.Testcase2" name="testMethod2" time="0.003"/>
  <system-out/>
</testsuite> <!-- Module1.Testcase2 -->
