<?xml version="1.0" encoding="UTF-8"?>
<!-- Generated by org.testng.reporters.JUnitReportReporter -->
<testsuite hostname="ManasPC" failures="0" tests="1" name="Day8.JuiceShop" time="5.848" errors="0" timestamp="2023-02-17T14:33:35 CST" skipped="0">
  <testcase classname="Day8.JuiceShop" name="Login" time="5.848"/>
  <system-out/>
</testsuite> <!-- Day8.JuiceShop -->
