<?xml version="1.0" encoding="UTF-8"?>
<!-- Generated by org.testng.reporters.JUnitReportReporter -->
<testsuite hostname="ManasPC" failures="0" tests="4" name="Day8.SauceDemo" time="12.322" errors="0" timestamp="2023-02-16T09:53:40 CST" skipped="0">
  <testcase classname="Day8.SauceDemo" name="Login" time="1.572"/>
  <system-out/>
  <testcase classname="Day8.SauceDemo" name="Login" time="2.643"/>
  <system-out/>
  <testcase classname="Day8.SauceDemo" name="Login" time="6.657"/>
  <system-out/>
  <testcase classname="Day8.SauceDemo" name="Login" time="1.450"/>
  <system-out/>
</testsuite> <!-- Day8.SauceDemo -->
