<?xml version="1.0" encoding="UTF-8"?>
<!-- Generated by org.testng.reporters.JUnitReportReporter -->
<testsuite hostname="ManasPC" failures="0" tests="1" name="Module2.Testcase1" time="0.005" errors="0" timestamp="2023-02-05T09:36:34 CST" skipped="0">
  <testcase classname="Module2.Testcase1" name="testcase001" time="0.005"/>
  <system-out/>
</testsuite> <!-- Module2.Testcase1 -->
