<?xml version="1.0" encoding="UTF-8"?>
<!-- Generated by org.testng.reporters.JUnitReportReporter -->
<testsuite hostname="ManasPC" failures="0" tests="2" name="Day8.TutorialsPoint" time="82.362" errors="0" timestamp="2023-02-11T14:50:13 CST" skipped="0">
  <testcase classname="Day8.TutorialsPoint" name="TestContact" time="79.797"/>
  <system-out/>
  <testcase classname="Day8.TutorialsPoint" name="test001" time="2.565"/>
  <system-out/>
</testsuite> <!-- Day8.TutorialsPoint -->
