<?xml version="1.0" encoding="UTF-8"?>
<!-- Generated by org.testng.reporters.JUnitReportReporter -->
<testsuite hostname="ManasPC" failures="0" tests="1" name="Module2.NewTest" time="0.011" errors="0" timestamp="2023-02-03T19:01:02 CST" skipped="0">
  <testcase classname="Module2.NewTest" name="FNewTest" time="0.011"/>
  <system-out/>
</testsuite> <!-- Module2.NewTest -->
