<?xml version="1.0" encoding="UTF-8"?>
<!-- Generated by org.testng.reporters.JUnitReportReporter -->
<testsuite hostname="ManasPC" failures="0" tests="2" name="Day8.DLAppointment" time="7.986" errors="0" timestamp="2023-02-16T21:16:44 CST" skipped="0">
  <testcase classname="Day8.DLAppointment" name="sCheckAppt" time="4.347"/>
  <system-out/>
  <testcase classname="Day8.DLAppointment" name="OpenApptPage" time="3.639"/>
  <system-out/>
</testsuite> <!-- Day8.DLAppointment -->
