<?xml version="1.0" encoding="UTF-8"?>
<!-- Generated by org.testng.reporters.JUnitReportReporter -->
<testsuite hostname="ManasPC" failures="0" tests="2" name="Day8.NumpyNinjaContact" time="5.878" errors="0" timestamp="2023-02-05T16:03:37 CST" skipped="0">
  <testcase classname="Day8.NumpyNinjaContact" name="TestContact" time="4.192"/>
  <system-out/>
  <testcase classname="Day8.NumpyNinjaContact" name="test001" time="1.686"/>
  <system-out/>
</testsuite> <!-- Day8.NumpyNinjaContact -->
