<?xml version="1.0" encoding="UTF-8"?>
<!-- Generated by org.testng.reporters.JUnitReportReporter -->
<testsuite hostname="ManasPC" failures="0" tests="2" name="Day8.DemoQA" time="7.655" errors="0" timestamp="2023-02-16T09:20:12 CST" skipped="0">
  <testcase classname="Day8.DemoQA" name="TestContact" time="5.948"/>
  <system-out/>
  <testcase classname="Day8.DemoQA" name="test001" time="1.707"/>
  <system-out/>
</testsuite> <!-- Day8.DemoQA -->
